<?xml version="1.0" encoding="UTF-8"?>
<coverage generated="1514349938077" clover="3.2.0">
  <project timestamp="1514349938078" name="All files">
    <metrics statements="61" coveredstatements="61" conditionals="82" coveredconditionals="55" methods="24" coveredmethods="24" elements="167" coveredelements="140" complexity="0" loc="61" ncloc="61" packages="2" files="4" classes="4">
      <package name="lib">
        <metrics statements="47" coveredstatements="47" conditionals="74" coveredconditionals="47" methods="21" coveredmethods="21"/>
        <file name="app.js" path="/Users/a1000688/Documents/my-retail-app/lib/app.js">
          <metrics statements="28" coveredstatements="28" conditionals="41" coveredconditionals="28" methods="10" coveredmethods="10"/>
          <line num="3" count="1" type="stmt"/>
          <line num="7" count="1" type="cond" truecount="5" falsecount="3"/>
          <line num="9" count="1" type="stmt"/>
          <line num="11" count="1" type="stmt"/>
          <line num="13" count="1" type="stmt"/>
          <line num="15" count="1" type="stmt"/>
          <line num="17" count="2" type="cond" truecount="4" falsecount="0"/>
          <line num="19" count="10" type="cond" truecount="1" falsecount="1"/>
          <line num="21" count="10" type="cond" truecount="3" falsecount="4"/>
          <line num="23" count="1" type="cond" truecount="6" falsecount="4"/>
          <line num="25" count="1" type="stmt"/>
          <line num="26" count="1" type="stmt"/>
          <line num="29" count="10" type="stmt"/>
          <line num="31" count="10" type="cond" truecount="1" falsecount="1"/>
          <line num="34" count="1" type="stmt"/>
          <line num="37" count="10" type="stmt"/>
          <line num="39" count="10" type="stmt"/>
          <line num="40" count="10" type="stmt"/>
          <line num="41" count="10" type="stmt"/>
          <line num="42" count="10" type="stmt"/>
          <line num="43" count="10" type="stmt"/>
          <line num="44" count="10" type="stmt"/>
          <line num="45" count="10" type="cond" truecount="2" falsecount="0"/>
          <line num="46" count="10" type="cond" truecount="2" falsecount="0"/>
          <line num="47" count="10" type="stmt"/>
          <line num="48" count="10" type="stmt"/>
          <line num="124" count="1" type="stmt"/>
          <line num="127" count="1" type="stmt"/>
        </file>
        <file name="slider.js" path="/Users/a1000688/Documents/my-retail-app/lib/slider.js">
          <metrics statements="19" coveredstatements="19" conditionals="33" coveredconditionals="19" methods="11" coveredmethods="11"/>
          <line num="3" count="1" type="stmt"/>
          <line num="7" count="1" type="cond" truecount="5" falsecount="3"/>
          <line num="9" count="1" type="stmt"/>
          <line num="11" count="1" type="stmt"/>
          <line num="13" count="1" type="stmt"/>
          <line num="15" count="1" type="cond" truecount="3" falsecount="1"/>
          <line num="17" count="2" type="cond" truecount="1" falsecount="1"/>
          <line num="19" count="2" type="cond" truecount="3" falsecount="4"/>
          <line num="21" count="1" type="cond" truecount="6" falsecount="4"/>
          <line num="23" count="1" type="stmt"/>
          <line num="24" count="1" type="stmt"/>
          <line num="27" count="2" type="stmt"/>
          <line num="29" count="2" type="cond" truecount="1" falsecount="1"/>
          <line num="32" count="1" type="stmt"/>
          <line num="35" count="2" type="stmt"/>
          <line num="37" count="2" type="stmt"/>
          <line num="41" count="14" type="stmt"/>
          <line num="51" count="1" type="stmt"/>
          <line num="54" count="1" type="stmt"/>
        </file>
      </package>
      <package name="src">
        <metrics statements="14" coveredstatements="14" conditionals="8" coveredconditionals="8" methods="3" coveredmethods="3"/>
        <file name="app.js" path="/Users/a1000688/Documents/my-retail-app/src/app.js">
          <metrics statements="11" coveredstatements="11" conditionals="8" coveredconditionals="8" methods="1" coveredmethods="1"/>
          <line num="7" count="10" type="stmt"/>
          <line num="8" count="10" type="stmt"/>
          <line num="9" count="10" type="stmt"/>
          <line num="10" count="10" type="stmt"/>
          <line num="11" count="10" type="stmt"/>
          <line num="12" count="10" type="stmt"/>
          <line num="13" count="10" type="stmt"/>
          <line num="14" count="10" type="cond" truecount="2" falsecount="0"/>
          <line num="15" count="10" type="cond" truecount="2" falsecount="0"/>
          <line num="16" count="10" type="stmt"/>
          <line num="17" count="10" type="stmt"/>
        </file>
        <file name="slider.js" path="/Users/a1000688/Documents/my-retail-app/src/slider.js">
          <metrics statements="3" coveredstatements="3" conditionals="0" coveredconditionals="0" methods="2" coveredmethods="2"/>
          <line num="7" count="2" type="stmt"/>
          <line num="8" count="2" type="stmt"/>
          <line num="11" count="14" type="stmt"/>
        </file>
      </package>
    </metrics>
  </project>
</coverage>
