{"/Users/a1000688/Documents/my-retail-app/lib/app.js": {"path":"/Users/a1000688/Documents/my-retail-app/lib/app.js","statementMap":{"0":{"start":{"line":3,"column":0},"end":{"line":5,"column":3}},"1":{"start":{"line":7,"column":19},"end":{"line":7,"column":563}},"2":{"start":{"line":7,"column":76},"end":{"line":7,"column":347}},"3":{"start":{"line":7,"column":134},"end":{"line":7,"column":142}},"4":{"start":{"line":7,"column":144},"end":{"line":7,"column":199}},"5":{"start":{"line":7,"column":200},"end":{"line":7,"column":231}},"6":{"start":{"line":7,"column":232},"end":{"line":7,"column":286}},"7":{"start":{"line":7,"column":259},"end":{"line":7,"column":286}},"8":{"start":{"line":7,"column":287},"end":{"line":7,"column":345}},"9":{"start":{"line":7,"column":350},"end":{"line":7,"column":559}},"10":{"start":{"line":7,"column":407},"end":{"line":7,"column":475}},"11":{"start":{"line":7,"column":423},"end":{"line":7,"column":475}},"12":{"start":{"line":7,"column":476},"end":{"line":7,"column":536}},"13":{"start":{"line":7,"column":493},"end":{"line":7,"column":536}},"14":{"start":{"line":7,"column":537},"end":{"line":7,"column":556}},"15":{"start":{"line":9,"column":13},"end":{"line":9,"column":29}},"16":{"start":{"line":11,"column":14},"end":{"line":11,"column":44}},"17":{"start":{"line":13,"column":14},"end":{"line":13,"column":33}},"18":{"start":{"line":15,"column":15},"end":{"line":15,"column":46}},"19":{"start":{"line":17,"column":39},"end":{"line":17,"column":93}},"20":{"start":{"line":19,"column":50},"end":{"line":19,"column":151}},"21":{"start":{"line":19,"column":92},"end":{"line":19,"column":149}},"22":{"start":{"line":21,"column":50},"end":{"line":21,"column":151}},"23":{"start":{"line":21,"column":63},"end":{"line":21,"column":149}},"24":{"start":{"line":21,"column":152},"end":{"line":21,"column":238}},"25":{"start":{"line":23,"column":43},"end":{"line":23,"column":208}},"26":{"start":{"line":23,"column":106},"end":{"line":23,"column":206}},"27":{"start":{"line":23,"column":209},"end":{"line":23,"column":373}},"28":{"start":{"line":23,"column":374},"end":{"line":23,"column":492}},"29":{"start":{"line":23,"column":390},"end":{"line":23,"column":492}},"30":{"start":{"line":25,"column":10},"end":{"line":125,"column":19}},"31":{"start":{"line":26,"column":2},"end":{"line":26,"column":29}},"32":{"start":{"line":29,"column":4},"end":{"line":29,"column":31}},"33":{"start":{"line":31,"column":4},"end":{"line":31,"column":114}},"34":{"start":{"line":34,"column":2},"end":{"line":122,"column":6}},"35":{"start":{"line":37,"column":21},"end":{"line":37,"column":40}},"36":{"start":{"line":39,"column":17},"end":{"line":39,"column":45}},"37":{"start":{"line":40,"column":18},"end":{"line":40,"column":28}},"38":{"start":{"line":41,"column":18},"end":{"line":41,"column":54}},"39":{"start":{"line":42,"column":18},"end":{"line":42,"column":66}},"40":{"start":{"line":43,"column":27},"end":{"line":43,"column":70}},"41":{"start":{"line":44,"column":34},"end":{"line":44,"column":60}},"42":{"start":{"line":45,"column":26},"end":{"line":45,"column":88}},"43":{"start":{"line":46,"column":26},"end":{"line":46,"column":88}},"44":{"start":{"line":47,"column":27},"end":{"line":47,"column":57}},"45":{"start":{"line":48,"column":6},"end":{"line":120,"column":8}},"46":{"start":{"line":124,"column":2},"end":{"line":124,"column":13}},"47":{"start":{"line":127,"column":0},"end":{"line":127,"column":22}}},"fnMap":{"0":{"name":"(anonymous_0)","decl":{"start":{"line":7,"column":19},"end":{"line":7,"column":20}},"loc":{"start":{"line":7,"column":31},"end":{"line":7,"column":561}},"line":7},"1":{"name":"defineProperties","decl":{"start":{"line":7,"column":42},"end":{"line":7,"column":58}},"loc":{"start":{"line":7,"column":74},"end":{"line":7,"column":349}},"line":7},"2":{"name":"(anonymous_2)","decl":{"start":{"line":7,"column":357},"end":{"line":7,"column":358}},"loc":{"start":{"line":7,"column":405},"end":{"line":7,"column":558}},"line":7},"3":{"name":"_interopRequireDefault","decl":{"start":{"line":17,"column":9},"end":{"line":17,"column":31}},"loc":{"start":{"line":17,"column":37},"end":{"line":17,"column":95}},"line":17},"4":{"name":"_classCallCheck","decl":{"start":{"line":19,"column":9},"end":{"line":19,"column":24}},"loc":{"start":{"line":19,"column":48},"end":{"line":19,"column":153}},"line":19},"5":{"name":"_possibleConstructorReturn","decl":{"start":{"line":21,"column":9},"end":{"line":21,"column":35}},"loc":{"start":{"line":21,"column":48},"end":{"line":21,"column":240}},"line":21},"6":{"name":"_inherits","decl":{"start":{"line":23,"column":9},"end":{"line":23,"column":18}},"loc":{"start":{"line":23,"column":41},"end":{"line":23,"column":494}},"line":23},"7":{"name":"(anonymous_7)","decl":{"start":{"line":25,"column":10},"end":{"line":25,"column":11}},"loc":{"start":{"line":25,"column":32},"end":{"line":125,"column":1}},"line":25},"8":{"name":"App","decl":{"start":{"line":28,"column":11},"end":{"line":28,"column":14}},"loc":{"start":{"line":28,"column":17},"end":{"line":32,"column":3}},"line":28},"9":{"name":"render","decl":{"start":{"line":36,"column":20},"end":{"line":36,"column":26}},"loc":{"start":{"line":36,"column":29},"end":{"line":121,"column":5}},"line":36}},"branchMap":{"0":{"loc":{"start":{"line":7,"column":168},"end":{"line":7,"column":198}},"type":"binary-expr","locations":[{"start":{"line":7,"column":168},"end":{"line":7,"column":189}},{"start":{"line":7,"column":193},"end":{"line":7,"column":198}}],"line":7},"1":{"loc":{"start":{"line":7,"column":232},"end":{"line":7,"column":286}},"type":"if","locations":[{"start":{"line":7,"column":232},"end":{"line":7,"column":286}},{"start":{"line":7,"column":232},"end":{"line":7,"column":286}}],"line":7},"2":{"loc":{"start":{"line":7,"column":407},"end":{"line":7,"column":475}},"type":"if","locations":[{"start":{"line":7,"column":407},"end":{"line":7,"column":475}},{"start":{"line":7,"column":407},"end":{"line":7,"column":475}}],"line":7},"3":{"loc":{"start":{"line":7,"column":476},"end":{"line":7,"column":536}},"type":"if","locations":[{"start":{"line":7,"column":476},"end":{"line":7,"column":536}},{"start":{"line":7,"column":476},"end":{"line":7,"column":536}}],"line":7},"4":{"loc":{"start":{"line":17,"column":46},"end":{"line":17,"column":92}},"type":"cond-expr","locations":[{"start":{"line":17,"column":70},"end":{"line":17,"column":73}},{"start":{"line":17,"column":76},"end":{"line":17,"column":92}}],"line":17},"5":{"loc":{"start":{"line":17,"column":46},"end":{"line":17,"column":67}},"type":"binary-expr","locations":[{"start":{"line":17,"column":46},"end":{"line":17,"column":49}},{"start":{"line":17,"column":53},"end":{"line":17,"column":67}}],"line":17},"6":{"loc":{"start":{"line":19,"column":50},"end":{"line":19,"column":151}},"type":"if","locations":[{"start":{"line":19,"column":50},"end":{"line":19,"column":151}},{"start":{"line":19,"column":50},"end":{"line":19,"column":151}}],"line":19},"7":{"loc":{"start":{"line":21,"column":50},"end":{"line":21,"column":151}},"type":"if","locations":[{"start":{"line":21,"column":50},"end":{"line":21,"column":151}},{"start":{"line":21,"column":50},"end":{"line":21,"column":151}}],"line":21},"8":{"loc":{"start":{"line":21,"column":159},"end":{"line":21,"column":237}},"type":"cond-expr","locations":[{"start":{"line":21,"column":226},"end":{"line":21,"column":230}},{"start":{"line":21,"column":233},"end":{"line":21,"column":237}}],"line":21},"9":{"loc":{"start":{"line":21,"column":159},"end":{"line":21,"column":223}},"type":"binary-expr","locations":[{"start":{"line":21,"column":159},"end":{"line":21,"column":163}},{"start":{"line":21,"column":168},"end":{"line":21,"column":192}},{"start":{"line":21,"column":196},"end":{"line":21,"column":222}}],"line":21},"10":{"loc":{"start":{"line":23,"column":43},"end":{"line":23,"column":208}},"type":"if","locations":[{"start":{"line":23,"column":43},"end":{"line":23,"column":208}},{"start":{"line":23,"column":43},"end":{"line":23,"column":208}}],"line":23},"11":{"loc":{"start":{"line":23,"column":47},"end":{"line":23,"column":102}},"type":"binary-expr","locations":[{"start":{"line":23,"column":47},"end":{"line":23,"column":79}},{"start":{"line":23,"column":83},"end":{"line":23,"column":102}}],"line":23},"12":{"loc":{"start":{"line":23,"column":244},"end":{"line":23,"column":278}},"type":"binary-expr","locations":[{"start":{"line":23,"column":244},"end":{"line":23,"column":254}},{"start":{"line":23,"column":258},"end":{"line":23,"column":278}}],"line":23},"13":{"loc":{"start":{"line":23,"column":374},"end":{"line":23,"column":492}},"type":"if","locations":[{"start":{"line":23,"column":374},"end":{"line":23,"column":492}},{"start":{"line":23,"column":374},"end":{"line":23,"column":492}}],"line":23},"14":{"loc":{"start":{"line":23,"column":390},"end":{"line":23,"column":491}},"type":"cond-expr","locations":[{"start":{"line":23,"column":414},"end":{"line":23,"column":457}},{"start":{"line":23,"column":460},"end":{"line":23,"column":491}}],"line":23},"15":{"loc":{"start":{"line":31,"column":45},"end":{"line":31,"column":88}},"type":"binary-expr","locations":[{"start":{"line":31,"column":45},"end":{"line":31,"column":58}},{"start":{"line":31,"column":62},"end":{"line":31,"column":88}}],"line":31},"16":{"loc":{"start":{"line":45,"column":26},"end":{"line":45,"column":88}},"type":"binary-expr","locations":[{"start":{"line":45,"column":26},"end":{"line":45,"column":55}},{"start":{"line":45,"column":59},"end":{"line":45,"column":88}}],"line":45},"17":{"loc":{"start":{"line":46,"column":26},"end":{"line":46,"column":88}},"type":"binary-expr","locations":[{"start":{"line":46,"column":26},"end":{"line":46,"column":55}},{"start":{"line":46,"column":59},"end":{"line":46,"column":88}}],"line":46},"18":{"loc":{"start":{"line":107,"column":14},"end":{"line":111,"column":15}},"type":"binary-expr","locations":[{"start":{"line":107,"column":14},"end":{"line":107,"column":27}},{"start":{"line":107,"column":31},"end":{"line":111,"column":15}}],"line":107},"19":{"loc":{"start":{"line":112,"column":14},"end":{"line":116,"column":15}},"type":"binary-expr","locations":[{"start":{"line":112,"column":14},"end":{"line":112,"column":27}},{"start":{"line":112,"column":31},"end":{"line":116,"column":15}}],"line":112}},"s":{"0":1,"1":1,"2":1,"3":1,"4":1,"5":1,"6":1,"7":1,"8":1,"9":1,"10":1,"11":1,"12":1,"13":0,"14":1,"15":1,"16":1,"17":1,"18":1,"19":2,"20":10,"21":0,"22":10,"23":0,"24":10,"25":1,"26":0,"27":1,"28":1,"29":1,"30":1,"31":1,"32":10,"33":10,"34":1,"35":10,"36":10,"37":10,"38":10,"39":10,"40":10,"41":10,"42":10,"43":10,"44":10,"45":10,"46":1,"47":1},"f":{"0":1,"1":1,"2":1,"3":2,"4":10,"5":10,"6":1,"7":1,"8":10,"9":10},"b":{"0":[1,1],"1":[1,0],"2":[1,0],"3":[0,1],"4":[1,1],"5":[2,2],"6":[0,10],"7":[0,10],"8":[0,10],"9":[10,0,0],"10":[0,1],"11":[1,0],"12":[1,1],"13":[1,0],"14":[1,0],"15":[10,0],"16":[10,3],"17":[10,3],"18":[10,7],"19":[10,7]},"_coverageSchema":"332fd63041d2c1bcb487cc26dd0d5f7d97098a6c","hash":"a7f1f9bfdcee85508dec17811ca92c110dbd0f76"}
,"/Users/a1000688/Documents/my-retail-app/lib/slider.js": {"path":"/Users/a1000688/Documents/my-retail-app/lib/slider.js","statementMap":{"0":{"start":{"line":3,"column":0},"end":{"line":5,"column":3}},"1":{"start":{"line":7,"column":19},"end":{"line":7,"column":563}},"2":{"start":{"line":7,"column":76},"end":{"line":7,"column":347}},"3":{"start":{"line":7,"column":134},"end":{"line":7,"column":142}},"4":{"start":{"line":7,"column":144},"end":{"line":7,"column":199}},"5":{"start":{"line":7,"column":200},"end":{"line":7,"column":231}},"6":{"start":{"line":7,"column":232},"end":{"line":7,"column":286}},"7":{"start":{"line":7,"column":259},"end":{"line":7,"column":286}},"8":{"start":{"line":7,"column":287},"end":{"line":7,"column":345}},"9":{"start":{"line":7,"column":350},"end":{"line":7,"column":559}},"10":{"start":{"line":7,"column":407},"end":{"line":7,"column":475}},"11":{"start":{"line":7,"column":423},"end":{"line":7,"column":475}},"12":{"start":{"line":7,"column":476},"end":{"line":7,"column":536}},"13":{"start":{"line":7,"column":493},"end":{"line":7,"column":536}},"14":{"start":{"line":7,"column":537},"end":{"line":7,"column":556}},"15":{"start":{"line":9,"column":13},"end":{"line":9,"column":29}},"16":{"start":{"line":11,"column":14},"end":{"line":11,"column":44}},"17":{"start":{"line":13,"column":31},"end":{"line":13,"column":67}},"18":{"start":{"line":15,"column":39},"end":{"line":15,"column":93}},"19":{"start":{"line":17,"column":50},"end":{"line":17,"column":151}},"20":{"start":{"line":17,"column":92},"end":{"line":17,"column":149}},"21":{"start":{"line":19,"column":50},"end":{"line":19,"column":151}},"22":{"start":{"line":19,"column":63},"end":{"line":19,"column":149}},"23":{"start":{"line":19,"column":152},"end":{"line":19,"column":238}},"24":{"start":{"line":21,"column":43},"end":{"line":21,"column":208}},"25":{"start":{"line":21,"column":106},"end":{"line":21,"column":206}},"26":{"start":{"line":21,"column":209},"end":{"line":21,"column":373}},"27":{"start":{"line":21,"column":374},"end":{"line":21,"column":492}},"28":{"start":{"line":21,"column":390},"end":{"line":21,"column":492}},"29":{"start":{"line":23,"column":13},"end":{"line":52,"column":19}},"30":{"start":{"line":24,"column":2},"end":{"line":24,"column":32}},"31":{"start":{"line":27,"column":4},"end":{"line":27,"column":34}},"32":{"start":{"line":29,"column":4},"end":{"line":29,"column":120}},"33":{"start":{"line":32,"column":2},"end":{"line":49,"column":6}},"34":{"start":{"line":35,"column":19},"end":{"line":35,"column":36}},"35":{"start":{"line":37,"column":6},"end":{"line":47,"column":8}},"36":{"start":{"line":41,"column":10},"end":{"line":45,"column":12}},"37":{"start":{"line":51,"column":2},"end":{"line":51,"column":16}},"38":{"start":{"line":54,"column":0},"end":{"line":54,"column":25}}},"fnMap":{"0":{"name":"(anonymous_0)","decl":{"start":{"line":7,"column":19},"end":{"line":7,"column":20}},"loc":{"start":{"line":7,"column":31},"end":{"line":7,"column":561}},"line":7},"1":{"name":"defineProperties","decl":{"start":{"line":7,"column":42},"end":{"line":7,"column":58}},"loc":{"start":{"line":7,"column":74},"end":{"line":7,"column":349}},"line":7},"2":{"name":"(anonymous_2)","decl":{"start":{"line":7,"column":357},"end":{"line":7,"column":358}},"loc":{"start":{"line":7,"column":405},"end":{"line":7,"column":558}},"line":7},"3":{"name":"_interopRequireDefault","decl":{"start":{"line":15,"column":9},"end":{"line":15,"column":31}},"loc":{"start":{"line":15,"column":37},"end":{"line":15,"column":95}},"line":15},"4":{"name":"_classCallCheck","decl":{"start":{"line":17,"column":9},"end":{"line":17,"column":24}},"loc":{"start":{"line":17,"column":48},"end":{"line":17,"column":153}},"line":17},"5":{"name":"_possibleConstructorReturn","decl":{"start":{"line":19,"column":9},"end":{"line":19,"column":35}},"loc":{"start":{"line":19,"column":48},"end":{"line":19,"column":240}},"line":19},"6":{"name":"_inherits","decl":{"start":{"line":21,"column":9},"end":{"line":21,"column":18}},"loc":{"start":{"line":21,"column":41},"end":{"line":21,"column":494}},"line":21},"7":{"name":"(anonymous_7)","decl":{"start":{"line":23,"column":13},"end":{"line":23,"column":14}},"loc":{"start":{"line":23,"column":35},"end":{"line":52,"column":1}},"line":23},"8":{"name":"Slider","decl":{"start":{"line":26,"column":11},"end":{"line":26,"column":17}},"loc":{"start":{"line":26,"column":20},"end":{"line":30,"column":3}},"line":26},"9":{"name":"render","decl":{"start":{"line":34,"column":20},"end":{"line":34,"column":26}},"loc":{"start":{"line":34,"column":29},"end":{"line":48,"column":5}},"line":34},"10":{"name":"(anonymous_10)","decl":{"start":{"line":40,"column":19},"end":{"line":40,"column":20}},"loc":{"start":{"line":40,"column":39},"end":{"line":46,"column":9}},"line":40}},"branchMap":{"0":{"loc":{"start":{"line":7,"column":168},"end":{"line":7,"column":198}},"type":"binary-expr","locations":[{"start":{"line":7,"column":168},"end":{"line":7,"column":189}},{"start":{"line":7,"column":193},"end":{"line":7,"column":198}}],"line":7},"1":{"loc":{"start":{"line":7,"column":232},"end":{"line":7,"column":286}},"type":"if","locations":[{"start":{"line":7,"column":232},"end":{"line":7,"column":286}},{"start":{"line":7,"column":232},"end":{"line":7,"column":286}}],"line":7},"2":{"loc":{"start":{"line":7,"column":407},"end":{"line":7,"column":475}},"type":"if","locations":[{"start":{"line":7,"column":407},"end":{"line":7,"column":475}},{"start":{"line":7,"column":407},"end":{"line":7,"column":475}}],"line":7},"3":{"loc":{"start":{"line":7,"column":476},"end":{"line":7,"column":536}},"type":"if","locations":[{"start":{"line":7,"column":476},"end":{"line":7,"column":536}},{"start":{"line":7,"column":476},"end":{"line":7,"column":536}}],"line":7},"4":{"loc":{"start":{"line":15,"column":46},"end":{"line":15,"column":92}},"type":"cond-expr","locations":[{"start":{"line":15,"column":70},"end":{"line":15,"column":73}},{"start":{"line":15,"column":76},"end":{"line":15,"column":92}}],"line":15},"5":{"loc":{"start":{"line":15,"column":46},"end":{"line":15,"column":67}},"type":"binary-expr","locations":[{"start":{"line":15,"column":46},"end":{"line":15,"column":49}},{"start":{"line":15,"column":53},"end":{"line":15,"column":67}}],"line":15},"6":{"loc":{"start":{"line":17,"column":50},"end":{"line":17,"column":151}},"type":"if","locations":[{"start":{"line":17,"column":50},"end":{"line":17,"column":151}},{"start":{"line":17,"column":50},"end":{"line":17,"column":151}}],"line":17},"7":{"loc":{"start":{"line":19,"column":50},"end":{"line":19,"column":151}},"type":"if","locations":[{"start":{"line":19,"column":50},"end":{"line":19,"column":151}},{"start":{"line":19,"column":50},"end":{"line":19,"column":151}}],"line":19},"8":{"loc":{"start":{"line":19,"column":159},"end":{"line":19,"column":237}},"type":"cond-expr","locations":[{"start":{"line":19,"column":226},"end":{"line":19,"column":230}},{"start":{"line":19,"column":233},"end":{"line":19,"column":237}}],"line":19},"9":{"loc":{"start":{"line":19,"column":159},"end":{"line":19,"column":223}},"type":"binary-expr","locations":[{"start":{"line":19,"column":159},"end":{"line":19,"column":163}},{"start":{"line":19,"column":168},"end":{"line":19,"column":192}},{"start":{"line":19,"column":196},"end":{"line":19,"column":222}}],"line":19},"10":{"loc":{"start":{"line":21,"column":43},"end":{"line":21,"column":208}},"type":"if","locations":[{"start":{"line":21,"column":43},"end":{"line":21,"column":208}},{"start":{"line":21,"column":43},"end":{"line":21,"column":208}}],"line":21},"11":{"loc":{"start":{"line":21,"column":47},"end":{"line":21,"column":102}},"type":"binary-expr","locations":[{"start":{"line":21,"column":47},"end":{"line":21,"column":79}},{"start":{"line":21,"column":83},"end":{"line":21,"column":102}}],"line":21},"12":{"loc":{"start":{"line":21,"column":244},"end":{"line":21,"column":278}},"type":"binary-expr","locations":[{"start":{"line":21,"column":244},"end":{"line":21,"column":254}},{"start":{"line":21,"column":258},"end":{"line":21,"column":278}}],"line":21},"13":{"loc":{"start":{"line":21,"column":374},"end":{"line":21,"column":492}},"type":"if","locations":[{"start":{"line":21,"column":374},"end":{"line":21,"column":492}},{"start":{"line":21,"column":374},"end":{"line":21,"column":492}}],"line":21},"14":{"loc":{"start":{"line":21,"column":390},"end":{"line":21,"column":491}},"type":"cond-expr","locations":[{"start":{"line":21,"column":414},"end":{"line":21,"column":457}},{"start":{"line":21,"column":460},"end":{"line":21,"column":491}}],"line":21},"15":{"loc":{"start":{"line":29,"column":45},"end":{"line":29,"column":94}},"type":"binary-expr","locations":[{"start":{"line":29,"column":45},"end":{"line":29,"column":61}},{"start":{"line":29,"column":65},"end":{"line":29,"column":94}}],"line":29}},"s":{"0":1,"1":1,"2":1,"3":1,"4":1,"5":1,"6":1,"7":1,"8":1,"9":1,"10":1,"11":1,"12":1,"13":0,"14":1,"15":1,"16":1,"17":1,"18":1,"19":2,"20":0,"21":2,"22":0,"23":2,"24":1,"25":0,"26":1,"27":1,"28":1,"29":1,"30":1,"31":2,"32":2,"33":1,"34":2,"35":2,"36":14,"37":1,"38":1},"f":{"0":1,"1":1,"2":1,"3":1,"4":2,"5":2,"6":1,"7":1,"8":2,"9":2,"10":14},"b":{"0":[1,1],"1":[1,0],"2":[1,0],"3":[0,1],"4":[0,1],"5":[1,1],"6":[0,2],"7":[0,2],"8":[0,2],"9":[2,0,0],"10":[0,1],"11":[1,0],"12":[1,1],"13":[1,0],"14":[1,0],"15":[2,0]},"_coverageSchema":"332fd63041d2c1bcb487cc26dd0d5f7d97098a6c","hash":"6e41f18347e048d3c83091658673243874ae6306"}
,"/Users/a1000688/Documents/my-retail-app/src/app.js": {"path":"/Users/a1000688/Documents/my-retail-app/src/app.js","statementMap":{"0":{"start":{"line":7,"column":25},"end":{"line":7,"column":35}},"1":{"start":{"line":8,"column":15},"end":{"line":8,"column":43}},"2":{"start":{"line":9,"column":16},"end":{"line":9,"column":26}},"3":{"start":{"line":10,"column":18},"end":{"line":10,"column":54}},"4":{"start":{"line":11,"column":18},"end":{"line":11,"column":66}},"5":{"start":{"line":12,"column":27},"end":{"line":12,"column":70}},"6":{"start":{"line":13,"column":34},"end":{"line":13,"column":60}},"7":{"start":{"line":14,"column":26},"end":{"line":14,"column":88}},"8":{"start":{"line":15,"column":26},"end":{"line":15,"column":88}},"9":{"start":{"line":16,"column":27},"end":{"line":16,"column":57}},"10":{"start":{"line":17,"column":4},"end":{"line":45,"column":6}}},"fnMap":{"0":{"name":"(anonymous_0)","decl":{"start":{"line":6,"column":2},"end":{"line":6,"column":3}},"loc":{"start":{"line":6,"column":11},"end":{"line":46,"column":3}},"line":6}},"branchMap":{"0":{"loc":{"start":{"line":14,"column":26},"end":{"line":14,"column":88}},"type":"binary-expr","locations":[{"start":{"line":14,"column":26},"end":{"line":14,"column":55}},{"start":{"line":14,"column":59},"end":{"line":14,"column":88}}],"line":14},"1":{"loc":{"start":{"line":15,"column":26},"end":{"line":15,"column":88}},"type":"binary-expr","locations":[{"start":{"line":15,"column":26},"end":{"line":15,"column":55}},{"start":{"line":15,"column":59},"end":{"line":15,"column":88}}],"line":15},"2":{"loc":{"start":{"line":39,"column":16},"end":{"line":39,"column":122}},"type":"binary-expr","locations":[{"start":{"line":39,"column":16},"end":{"line":39,"column":29}},{"start":{"line":39,"column":33},"end":{"line":39,"column":122}}],"line":39},"3":{"loc":{"start":{"line":40,"column":16},"end":{"line":40,"column":122}},"type":"binary-expr","locations":[{"start":{"line":40,"column":16},"end":{"line":40,"column":29}},{"start":{"line":40,"column":33},"end":{"line":40,"column":122}}],"line":40}},"s":{"0":10,"1":10,"2":10,"3":10,"4":10,"5":10,"6":10,"7":10,"8":10,"9":10,"10":10},"f":{"0":10},"b":{"0":[10,3],"1":[10,3],"2":[10,7],"3":[10,7]},"_coverageSchema":"332fd63041d2c1bcb487cc26dd0d5f7d97098a6c","hash":"9e43033281fd028bd64bfda7aa8caa7068775b49"}
,"/Users/a1000688/Documents/my-retail-app/src/slider.js": {"path":"/Users/a1000688/Documents/my-retail-app/src/slider.js","statementMap":{"0":{"start":{"line":7,"column":23},"end":{"line":7,"column":33}},"1":{"start":{"line":8,"column":4},"end":{"line":16,"column":5}},"2":{"start":{"line":11,"column":11},"end":{"line":13,"column":16}}},"fnMap":{"0":{"name":"(anonymous_0)","decl":{"start":{"line":6,"column":2},"end":{"line":6,"column":3}},"loc":{"start":{"line":6,"column":12},"end":{"line":17,"column":3}},"line":6},"1":{"name":"(anonymous_1)","decl":{"start":{"line":10,"column":21},"end":{"line":10,"column":22}},"loc":{"start":{"line":11,"column":11},"end":{"line":13,"column":16}},"line":11}},"branchMap":{},"s":{"0":2,"1":2,"2":14},"f":{"0":2,"1":14},"b":{},"_coverageSchema":"332fd63041d2c1bcb487cc26dd0d5f7d97098a6c","hash":"d673ca482112fa2bde1fa0dad3dad70b6ad6b27e"}
}
