TN:
SF:/Users/a1000688/Documents/my-retail-app/lib/app.js
FN:7,(anonymous_0)
FN:7,defineProperties
FN:7,(anonymous_2)
FN:17,_interopRequireDefault
FN:19,_classCallCheck
FN:21,_possibleConstructorReturn
FN:23,_inherits
FN:25,(anonymous_7)
FN:28,App
FN:36,render
FNF:10
FNH:10
FNDA:1,(anonymous_0)
FNDA:1,defineProperties
FNDA:1,(anonymous_2)
FNDA:2,_interopRequireDefault
FNDA:10,_classCallCheck
FNDA:10,_possibleConstructorReturn
FNDA:1,_inherits
FNDA:1,(anonymous_7)
FNDA:10,App
FNDA:10,render
DA:3,1
DA:7,1
DA:9,1
DA:11,1
DA:13,1
DA:15,1
DA:17,2
DA:19,10
DA:21,10
DA:23,1
DA:25,1
DA:26,1
DA:29,10
DA:31,10
DA:34,1
DA:37,10
DA:39,10
DA:40,10
DA:41,10
DA:42,10
DA:43,10
DA:44,10
DA:45,10
DA:46,10
DA:47,10
DA:48,10
DA:124,1
DA:127,1
LF:28
LH:28
BRDA:7,0,0,1
BRDA:7,0,1,1
BRDA:7,1,0,1
BRDA:7,1,1,0
BRDA:7,2,0,1
BRDA:7,2,1,0
BRDA:7,3,0,0
BRDA:7,3,1,1
BRDA:17,4,0,1
BRDA:17,4,1,1
BRDA:17,5,0,2
BRDA:17,5,1,2
BRDA:19,6,0,0
BRDA:19,6,1,10
BRDA:21,7,0,0
BRDA:21,7,1,10
BRDA:21,8,0,0
BRDA:21,8,1,10
BRDA:21,9,0,10
BRDA:21,9,1,0
BRDA:21,9,2,0
BRDA:23,10,0,0
BRDA:23,10,1,1
BRDA:23,11,0,1
BRDA:23,11,1,0
BRDA:23,12,0,1
BRDA:23,12,1,1
BRDA:23,13,0,1
BRDA:23,13,1,0
BRDA:23,14,0,1
BRDA:23,14,1,0
BRDA:31,15,0,10
BRDA:31,15,1,0
BRDA:45,16,0,10
BRDA:45,16,1,3
BRDA:46,17,0,10
BRDA:46,17,1,3
BRDA:107,18,0,10
BRDA:107,18,1,7
BRDA:112,19,0,10
BRDA:112,19,1,7
BRF:41
BRH:28
end_of_record
TN:
SF:/Users/a1000688/Documents/my-retail-app/lib/slider.js
FN:7,(anonymous_0)
FN:7,defineProperties
FN:7,(anonymous_2)
FN:15,_interopRequireDefault
FN:17,_classCallCheck
FN:19,_possibleConstructorReturn
FN:21,_inherits
FN:23,(anonymous_7)
FN:26,Slider
FN:34,render
FN:40,(anonymous_10)
FNF:11
FNH:11
FNDA:1,(anonymous_0)
FNDA:1,defineProperties
FNDA:1,(anonymous_2)
FNDA:1,_interopRequireDefault
FNDA:2,_classCallCheck
FNDA:2,_possibleConstructorReturn
FNDA:1,_inherits
FNDA:1,(anonymous_7)
FNDA:2,Slider
FNDA:2,render
FNDA:14,(anonymous_10)
DA:3,1
DA:7,1
DA:9,1
DA:11,1
DA:13,1
DA:15,1
DA:17,2
DA:19,2
DA:21,1
DA:23,1
DA:24,1
DA:27,2
DA:29,2
DA:32,1
DA:35,2
DA:37,2
DA:41,14
DA:51,1
DA:54,1
LF:19
LH:19
BRDA:7,0,0,1
BRDA:7,0,1,1
BRDA:7,1,0,1
BRDA:7,1,1,0
BRDA:7,2,0,1
BRDA:7,2,1,0
BRDA:7,3,0,0
BRDA:7,3,1,1
BRDA:15,4,0,0
BRDA:15,4,1,1
BRDA:15,5,0,1
BRDA:15,5,1,1
BRDA:17,6,0,0
BRDA:17,6,1,2
BRDA:19,7,0,0
BRDA:19,7,1,2
BRDA:19,8,0,0
BRDA:19,8,1,2
BRDA:19,9,0,2
BRDA:19,9,1,0
BRDA:19,9,2,0
BRDA:21,10,0,0
BRDA:21,10,1,1
BRDA:21,11,0,1
BRDA:21,11,1,0
BRDA:21,12,0,1
BRDA:21,12,1,1
BRDA:21,13,0,1
BRDA:21,13,1,0
BRDA:21,14,0,1
BRDA:21,14,1,0
BRDA:29,15,0,2
BRDA:29,15,1,0
BRF:33
BRH:19
end_of_record
TN:
SF:/Users/a1000688/Documents/my-retail-app/src/app.js
FN:6,(anonymous_0)
FNF:1
FNH:1
FNDA:10,(anonymous_0)
DA:7,10
DA:8,10
DA:9,10
DA:10,10
DA:11,10
DA:12,10
DA:13,10
DA:14,10
DA:15,10
DA:16,10
DA:17,10
LF:11
LH:11
BRDA:14,0,0,10
BRDA:14,0,1,3
BRDA:15,1,0,10
BRDA:15,1,1,3
BRDA:39,2,0,10
BRDA:39,2,1,7
BRDA:40,3,0,10
BRDA:40,3,1,7
BRF:8
BRH:8
end_of_record
TN:
SF:/Users/a1000688/Documents/my-retail-app/src/slider.js
FN:6,(anonymous_0)
FN:10,(anonymous_1)
FNF:2
FNH:2
FNDA:2,(anonymous_0)
FNDA:14,(anonymous_1)
DA:7,2
DA:8,2
DA:11,14
LF:3
LH:3
BRF:0
BRH:0
end_of_record
